<?xml version="1.0" encoding="UTF-8"?>
<!-- Generated by org.testng.reporters.JUnitXMLReporter -->
<testsuite ignored="2" hostname="DESKTOP-01SO12T" failures="0" tests="1" name="Default test" time="0.083" errors="0" timestamp="2023-08-04T17:55:06 IST">
  <testcase classname="runnwe.BrokenLink" name="revString" time="0.019"/>
  <testcase classname="runnwe.BrokenLink" name="test" time="0.0">
    <ignored/>
  </testcase> <!-- test -->
  <testcase classname="runnwe.BrokenLink" name="comp" time="0.0">
    <ignored/>
  </testcase> <!-- comp -->
</testsuite> <!-- Default test -->
