<?xml version="1.0" encoding="UTF-8"?>
<testng-results ignored="2" total="3" passed="1" failed="0" skipped="0">
  <reporter-output>
  </reporter-output>
  <suite started-at="2023-08-04T17:55:06 IST" name="Default suite" finished-at="2023-08-04T17:55:06 IST" duration-ms="83">
    <groups>
    </groups>
    <test started-at="2023-08-04T17:55:06 IST" name="Default test" finished-at="2023-08-04T17:55:06 IST" duration-ms="83">
      <class name="runnwe.BrokenLink">
        <test-method signature="revString()[pri:0, instance:runnwe.BrokenLink@ffaa6af]" started-at="2023-08-04T17:55:06 IST" name="revString" finished-at="2023-08-04T17:55:06 IST" duration-ms="19" status="PASS">
          <reporter-output>
          </reporter-output>
        </test-method> <!-- revString -->
      </class> <!-- runnwe.BrokenLink -->
    </test> <!-- Default test -->
  </suite> <!-- Default suite -->
</testng-results>
